<?xml version="1.0" encoding="UTF-8"?>
<!-- Generated by org.testng.reporters.JUnitXMLReporter -->
<testsuite hostname="LAPTOP-OE2GFHCN" ignored="0" name="Test" tests="4" failures="0" timestamp="2021-04-10T22:28:30 CEST" time="35.813" errors="0">
  <testcase name="homepage" time="0.137" classname="company.ValidateTitle"/>
  <testcase name="homepage" time="1.878" classname="company.mainClass"/>
  <testcase name="homepage" time="2.058" classname="company.mainClass"/>
  <testcase name="homepage" time="0.143" classname="company.ValidateNavigationBar"/>
</testsuite> <!-- Test -->
