<?xml version="1.0" encoding="UTF-8"?>
<testng-results skipped="0" failed="0" ignored="0" total="4" passed="4">
  <reporter-output>
  </reporter-output>
  <suite name="Suite" duration-ms="35813" started-at="2021-04-10T22:27:54 CEST" finished-at="2021-04-10T22:28:30 CEST">
    <groups>
    </groups>
    <test name="Test" duration-ms="35813" started-at="2021-04-10T22:27:54 CEST" finished-at="2021-04-10T22:28:30 CEST">
      <class name="company.ValidateNavigationBar">
        <test-method status="PASS" signature="beforetesting()[pri:0, instance:company.ValidateNavigationBar@38c6f217]" name="beforetesting" is-config="true" duration-ms="7110" started-at="2021-04-10T22:27:54 CEST" finished-at="2021-04-10T22:28:01 CEST">
          <reporter-output>
          </reporter-output>
        </test-method> <!-- beforetesting -->
        <test-method status="PASS" signature="homepage()[pri:0, instance:company.ValidateNavigationBar@38c6f217]" name="homepage" duration-ms="143" started-at="2021-04-10T22:28:28 CEST" finished-at="2021-04-10T22:28:28 CEST">
          <reporter-output>
          </reporter-output>
        </test-method> <!-- homepage -->
        <test-method status="PASS" signature="testcaseclose()[pri:0, instance:company.ValidateNavigationBar@38c6f217]" name="testcaseclose" is-config="true" duration-ms="1215" started-at="2021-04-10T22:28:28 CEST" finished-at="2021-04-10T22:28:29 CEST">
          <reporter-output>
          </reporter-output>
        </test-method> <!-- testcaseclose -->
      </class> <!-- company.ValidateNavigationBar -->
      <class name="company.ValidateTitle">
        <test-method status="PASS" signature="beforetesting()[pri:0, instance:company.ValidateTitle@6ae5aa72]" name="beforetesting" is-config="true" duration-ms="5671" started-at="2021-04-10T22:28:01 CEST" finished-at="2021-04-10T22:28:07 CEST">
          <reporter-output>
          </reporter-output>
        </test-method> <!-- beforetesting -->
        <test-method status="PASS" signature="homepage()[pri:0, instance:company.ValidateTitle@6ae5aa72]" name="homepage" duration-ms="137" started-at="2021-04-10T22:28:07 CEST" finished-at="2021-04-10T22:28:07 CEST">
          <reporter-output>
          </reporter-output>
        </test-method> <!-- homepage -->
        <test-method status="PASS" signature="testcaseclose()[pri:0, instance:company.ValidateTitle@6ae5aa72]" name="testcaseclose" is-config="true" duration-ms="999" started-at="2021-04-10T22:28:29 CEST" finished-at="2021-04-10T22:28:30 CEST">
          <reporter-output>
          </reporter-output>
        </test-method> <!-- testcaseclose -->
      </class> <!-- company.ValidateTitle -->
      <class name="company.mainClass">
        <test-method status="PASS" signature="beforetesting()[pri:0, instance:company.mainClass@399f45b1]" name="beforetesting" is-config="true" duration-ms="7666" started-at="2021-04-10T22:28:07 CEST" finished-at="2021-04-10T22:28:15 CEST">
          <reporter-output>
          </reporter-output>
        </test-method> <!-- beforetesting -->
        <test-method status="PASS" signature="homepage(java.lang.String,java.lang.String)[pri:0, instance:company.mainClass@399f45b1]" name="homepage" duration-ms="1878" started-at="2021-04-10T22:28:15 CEST" data-provider="getData" finished-at="2021-04-10T22:28:17 CEST">
          <params>
            <param index="0">
              <value>
                <![CDATA[dalveakshatha@gmail.com]]>
              </value>
            </param>
            <param index="1">
              <value>
                <![CDATA[12345]]>
              </value>
            </param>
          </params>
          <reporter-output>
          </reporter-output>
        </test-method> <!-- homepage -->
        <test-method status="PASS" signature="testcaseclose()[pri:0, instance:company.mainClass@399f45b1]" name="testcaseclose" is-config="true" duration-ms="1375" started-at="2021-04-10T22:28:17 CEST" finished-at="2021-04-10T22:28:18 CEST">
          <reporter-output>
          </reporter-output>
        </test-method> <!-- testcaseclose -->
        <test-method status="PASS" signature="beforetesting()[pri:0, instance:company.mainClass@399f45b1]" name="beforetesting" is-config="true" duration-ms="5788" started-at="2021-04-10T22:28:18 CEST" finished-at="2021-04-10T22:28:24 CEST">
          <reporter-output>
          </reporter-output>
        </test-method> <!-- beforetesting -->
        <test-method status="PASS" signature="homepage(java.lang.String,java.lang.String)[pri:0, instance:company.mainClass@399f45b1]" name="homepage" duration-ms="2058" started-at="2021-04-10T22:28:24 CEST" data-provider="getData" finished-at="2021-04-10T22:28:26 CEST">
          <params>
            <param index="0">
              <value>
                <![CDATA[akshatha@gmail.com]]>
              </value>
            </param>
            <param index="1">
              <value>
                <![CDATA[23456]]>
              </value>
            </param>
          </params>
          <reporter-output>
          </reporter-output>
        </test-method> <!-- homepage -->
        <test-method status="PASS" signature="testcaseclose()[pri:0, instance:company.mainClass@399f45b1]" name="testcaseclose" is-config="true" duration-ms="1705" started-at="2021-04-10T22:28:26 CEST" finished-at="2021-04-10T22:28:28 CEST">
          <reporter-output>
          </reporter-output>
        </test-method> <!-- testcaseclose -->
      </class> <!-- company.mainClass -->
    </test> <!-- Test -->
  </suite> <!-- Suite -->
</testng-results>
